SF:lib/main.dart
DA:6,0
DA:9,0
DA:11,0
DA:13,0
DA:14,0
DA:15,0
LF:6
LH:0
end_of_record
SF:lib/application/auth/sign_in_form/sign_in_form_cubit.dart
DA:15,0
DA:18,0
DA:19,0
DA:21,0
DA:22,0
DA:23,0
DA:24,0
DA:28,0
DA:29,0
DA:30,0
DA:31,0
DA:35,0
DA:38,0
DA:39,0
DA:42,0
DA:44,0
DA:48,0
DA:49,0
DA:50,0
DA:53,0
DA:56,0
DA:60,0
DA:63,0
DA:64,0
DA:67,0
DA:69,0
DA:73,0
DA:74,0
DA:75,0
DA:78,0
DA:81,0
DA:85,0
DA:86,0
DA:88,0
DA:91,0
DA:92,0
DA:94,0
LF:37
LH:0
end_of_record
SF:lib/application/auth/sign_in_form/sign_in_form_cubit.freezed.dart
DA:10,0
DA:14,0
DA:17,0
DA:23,0
DA:64,0
DA:70,0
DA:78,0
DA:79,0
DA:80,0
DA:82,0
DA:83,0
DA:84,0
DA:87,0
DA:88,0
DA:89,0
DA:114,0
DA:116,0
DA:118,0
DA:119,0
DA:121,0
DA:129,0
DA:130,0
DA:131,0
DA:133,0
DA:134,0
DA:135,0
DA:138,0
DA:139,0
DA:140,0
DA:148,0
DA:154,0
DA:155,0
DA:156,0
DA:157,0
DA:158,0
DA:171,0
DA:173,0
DA:176,0
DA:179,0
DA:180,0
DA:182,0
DA:183,0
DA:185,0
DA:186,0
DA:188,0
DA:189,0
DA:191,0
DA:192,0
DA:193,0
DA:194,0
DA:195,0
DA:196,0
DA:199,0
DA:201,0
DA:202,0
DA:203,0
DA:204,0
DA:205,0
DA:206,0
DA:208,0
DA:210,0
LF:61
LH:0
end_of_record
SF:lib/application/auth/sign_in_form/sign_in_form_state.dart
DA:13,0
DA:14,0
DA:15,0
DA:18,0
LF:4
LH:0
end_of_record
SF:lib/domain/auth/auth_failure.freezed.dart
DA:10,0
DA:14,0
DA:17,0
DA:22,0
DA:27,0
DA:32,0
DA:87,0
DA:105,0
DA:107,0
DA:109,0
DA:110,0
DA:115,0
DA:117,0
DA:122,0
DA:124,0
DA:127,0
DA:128,0
DA:130,0
DA:138,0
DA:139,0
DA:140,0
DA:141,0
DA:142,0
DA:145,0
DA:154,0
DA:156,0
DA:158,0
DA:161,0
DA:171,0
DA:172,0
DA:173,0
DA:174,0
DA:175,0
DA:178,0
DA:188,0
DA:190,0
DA:192,0
DA:210,0
DA:212,0
DA:214,0
DA:215,0
DA:220,0
DA:222,0
DA:227,0
DA:229,0
DA:232,0
DA:233,0
DA:235,0
DA:243,0
DA:244,0
DA:245,0
DA:246,0
DA:247,0
DA:250,0
DA:259,0
DA:261,0
DA:263,0
DA:266,0
DA:276,0
DA:277,0
DA:278,0
DA:279,0
DA:280,0
DA:283,0
DA:293,0
DA:295,0
DA:297,0
DA:316,0
DA:318,0
DA:320,0
DA:321,0
DA:326,0
DA:328,0
DA:333,0
DA:335,0
DA:338,0
DA:339,0
DA:341,0
DA:349,0
DA:350,0
DA:351,0
DA:352,0
DA:353,0
DA:356,0
DA:365,0
DA:367,0
DA:369,0
DA:372,0
DA:382,0
DA:383,0
DA:384,0
DA:385,0
DA:386,0
DA:389,0
DA:399,0
DA:401,0
DA:403,0
DA:423,0
DA:426,0
DA:428,0
DA:430,0
DA:436,0
DA:438,0
DA:443,0
DA:446,0
DA:449,0
DA:450,0
DA:452,0
DA:460,0
DA:461,0
DA:462,0
DA:463,0
DA:464,0
DA:467,0
DA:476,0
DA:478,0
DA:480,0
DA:483,0
DA:493,0
DA:494,0
DA:495,0
DA:496,0
DA:497,0
DA:500,0
DA:510,0
DA:512,0
DA:514,0
LF:127
LH:0
end_of_record
SF:lib/domain/auth/value_objects.dart
DA:10,0
DA:11,0
DA:12,0
DA:13,0
DA:17,0
DA:24,0
DA:25,0
DA:26,0
DA:27,0
DA:31,0
LF:10
LH:0
end_of_record
SF:lib/domain/core/failures.freezed.dart
DA:10,0
DA:14,0
DA:17,0
DA:18,0
DA:24,0
DA:25,0
DA:76,0
DA:82,0
DA:86,0
DA:88,0
DA:107,0
DA:109,0
DA:111,0
DA:112,0
DA:114,0
DA:118,0
DA:120,0
DA:129,0
DA:130,0
DA:135,0
DA:137,0
DA:140,0
DA:142,0
DA:144,0
DA:145,0
DA:148,0
DA:151,0
DA:152,0
DA:154,0
DA:157,0
DA:159,0
DA:161,0
DA:163,0
DA:165,0
DA:171,0
DA:172,0
DA:173,0
DA:176,0
DA:183,0
DA:185,0
DA:187,0
DA:190,0
DA:196,0
DA:197,0
DA:198,0
DA:201,0
DA:208,0
DA:210,0
DA:212,0
DA:239,0
DA:241,0
DA:243,0
DA:244,0
DA:246,0
DA:250,0
DA:252,0
DA:261,0
DA:262,0
DA:267,0
DA:269,0
DA:272,0
DA:274,0
DA:276,0
DA:277,0
DA:280,0
DA:283,0
DA:284,0
DA:286,0
DA:289,0
DA:291,0
DA:293,0
DA:295,0
DA:297,0
DA:303,0
DA:304,0
DA:305,0
DA:308,0
DA:315,0
DA:317,0
DA:319,0
DA:322,0
DA:328,0
DA:329,0
DA:330,0
DA:333,0
DA:340,0
DA:342,0
DA:344,0
LF:88
LH:0
end_of_record
SF:lib/domain/core/value_objects.dart
DA:9,0
DA:12,0
DA:14,0
DA:17,0
DA:20,0
DA:21,0
DA:23,0
DA:24,0
LF:8
LH:0
end_of_record
SF:lib/domain/core/value_validators.dart
DA:5,0
DA:9,0
DA:10,0
DA:12,0
DA:16,0
DA:18,0
DA:19,0
DA:21,0
DA:25,0
DA:28,0
DA:29,0
DA:31,0
DA:35,0
DA:37,0
DA:38,0
DA:40,0
DA:44,0
DA:47,0
DA:48,0
DA:49,0
DA:51,0
LF:21
LH:0
end_of_record
SF:lib/presentation/pages/login_screen.dart
DA:6,0
DA:8,0
DA:9,0
DA:10,0
DA:12,0
DA:13,0
DA:15,0
DA:17,0
LF:8
LH:0
end_of_record
